Feb 27 17:00:42 JavaBridge ERROR: An exception occured: java.net.BindException: Address already in use
java.net.BindException: Address already in use
	at java.net.PlainSocketImpl.socketBind(Native Method)
	at java.net.AbstractPlainSocketImpl.bind(AbstractPlainSocketImpl.java:387)
	at java.net.ServerSocket.bind(ServerSocket.java:375)
	at java.net.ServerSocket.<init>(ServerSocket.java:237)
	at io.soluble.pjb.bridge.TCPServerSocket.newServerSocket(TCPServerSocket.java:58)
	at io.soluble.pjb.bridge.TCPServerSocket.<init>(TCPServerSocket.java:80)
	at io.soluble.pjb.bridge.TCPServerSocket.create(TCPServerSocket.java:51)
	at io.soluble.pjb.bridge.Standalone.bind(Standalone.java:69)
	at io.soluble.pjb.bridge.JavaBridge.bind(JavaBridge.java:262)
	at io.soluble.pjb.bridge.JavaBridgeRunner.bind(JavaBridgeRunner.java:178)
	at io.soluble.pjb.bridge.http.HttpServer.<init>(HttpServer.java:111)
	at io.soluble.pjb.bridge.JavaBridgeRunner.<init>(JavaBridgeRunner.java:68)
	at io.soluble.pjb.bridge.JavaBridgeRunner.<init>(JavaBridgeRunner.java:74)
	at io.soluble.pjb.bridge.JavaBridgeRunner.getInstance(JavaBridgeRunner.java:149)
	at Study.Together.github.io.Application.javaBridgeRunner(Application.java:25)
	at Study.Together.github.io.Application$$EnhancerBySpringCGLIB$$56bae0ae.CGLIB$javaBridgeRunner$0(<generated>)
	at Study.Together.github.io.Application$$EnhancerBySpringCGLIB$$56bae0ae$$FastClassBySpringCGLIB$$e468f304.invoke(<generated>)
	at org.springframework.cglib.proxy.MethodProxy.invokeSuper(MethodProxy.java:228)
	at org.springframework.context.annotation.ConfigurationClassEnhancer$BeanMethodInterceptor.intercept(ConfigurationClassEnhancer.java:356)
	at Study.Together.github.io.Application$$EnhancerBySpringCGLIB$$56bae0ae.javaBridgeRunner(<generated>)
	at sun.reflect.NativeMethodAccessorImpl.invoke0(Native Method)
	at sun.reflect.NativeMethodAccessorImpl.invoke(NativeMethodAccessorImpl.java:62)
	at sun.reflect.DelegatingMethodAccessorImpl.invoke(DelegatingMethodAccessorImpl.java:43)
	at java.lang.reflect.Method.invoke(Method.java:498)
	at org.springframework.beans.factory.support.SimpleInstantiationStrategy.instantiate(SimpleInstantiationStrategy.java:162)
	at org.springframework.beans.factory.support.ConstructorResolver.instantiateUsingFactoryMethod(ConstructorResolver.java:588)
	at org.springframework.beans.factory.support.AbstractAutowireCapableBeanFactory.instantiateUsingFactoryMethod(AbstractAutowireCapableBeanFactory.java:1173)
	at org.springframework.beans.factory.support.AbstractAutowireCapableBeanFactory.createBeanInstance(AbstractAutowireCapableBeanFactory.java:1067)
	at org.springframework.beans.factory.support.AbstractAutowireCapableBeanFactory.doCreateBean(AbstractAutowireCapableBeanFactory.java:513)
	at org.springframework.beans.factory.support.AbstractAutowireCapableBeanFactory.createBean(AbstractAutowireCapableBeanFactory.java:483)
	at org.springframework.beans.factory.support.AbstractBeanFactory$1.getObject(AbstractBeanFactory.java:306)
	at org.springframework.beans.factory.support.DefaultSingletonBeanRegistry.getSingleton(DefaultSingletonBeanRegistry.java:230)
	at org.springframework.beans.factory.support.AbstractBeanFactory.doGetBean(AbstractBeanFactory.java:302)
	at org.springframework.beans.factory.support.AbstractBeanFactory.getBean(AbstractBeanFactory.java:197)
	at org.springframework.beans.factory.support.DefaultListableBeanFactory.preInstantiateSingletons(DefaultListableBeanFactory.java:761)
	at org.springframework.context.support.AbstractApplicationContext.finishBeanFactoryInitialization(AbstractApplicationContext.java:866)
	at org.springframework.context.support.AbstractApplicationContext.refresh(AbstractApplicationContext.java:542)
	at org.springframework.boot.context.embedded.EmbeddedWebApplicationContext.refresh(EmbeddedWebApplicationContext.java:122)
	at org.springframework.boot.SpringApplication.refresh(SpringApplication.java:737)
	at org.springframework.boot.SpringApplication.refreshContext(SpringApplication.java:370)
	at org.springframework.boot.SpringApplication.run(SpringApplication.java:314)
	at org.springframework.boot.SpringApplication.run(SpringApplication.java:1162)
	at org.springframework.boot.SpringApplication.run(SpringApplication.java:1151)
	at Study.Together.github.io.Application.main(Application.java:20)
